app/build/intermediates/manifest_merge_blame_file/debug/processDebugMainManifest/manifest-merger-blame-debug-report.txt
1<?xml version="1.0" encoding="utf-8"?>
2<manifest xmlns:android="http://schemas.android.com/apk/res/android"
3    package="com.example.dealseeker_login"
4    android:versionCode="1"
5    android:versionName="1.0" >
6
7    <uses-sdk
8        android:minSdkVersion="24"
9        android:targetSdkVersion="34" />
10
11    <uses-permission android:name="android.permission.INTERNET" />
11-->[com.google.firebase:firebase-auth:22.3.1] AndroidManifest.xml:25:5-67
11-->[com.google.firebase:firebase-auth:22.3.1] AndroidManifest.xml:25:22-64
12    <uses-permission android:name="android.permission.ACCESS_NETWORK_STATE" />
12-->[com.google.firebase:firebase-auth:22.3.1] AndroidManifest.xml:26:5-79
12-->[com.google.firebase:firebase-auth:22.3.1] AndroidManifest.xml:26:22-76
13    <uses-permission android:name="com.google.android.providers.gsf.permission.READ_GSERVICES" />
13-->[com.google.android.recaptcha:recaptcha:18.4.0] AndroidManifest.xml:9:5-98
13-->[com.google.android.recaptcha:recaptcha:18.4.0] AndroidManifest.xml:9:22-95
14
15    <permission
15-->[androidx.core:core:1.13.0] AndroidManifest.xml:22:5-24:47
16        android:name="com.example.dealseeker_login.DYNAMIC_RECEIVER_NOT_EXPORTED_PERMISSION"
16-->[androidx.core:core:1.13.0] AndroidManifest.xml:23:9-81
17        android:protectionLevel="signature" />
17-->[androidx.core:core:1.13.0] AndroidManifest.xml:24:9-44
18
19    <uses-permission android:name="com.example.dealseeker_login.DYNAMIC_RECEIVER_NOT_EXPORTED_PERMISSION" />
19-->[androidx.core:core:1.13.0] AndroidManifest.xml:26:5-97
19-->[androidx.core:core:1.13.0] AndroidManifest.xml:26:22-94
20
21    <application
21-->src\main\AndroidManifest.xml:5:5-33:19
22        android:allowBackup="true"
22-->src\main\AndroidManifest.xml:6:9-35
23        android:appComponentFactory="androidx.core.app.CoreComponentFactory"
23-->[androidx.core:core:1.13.0] AndroidManifest.xml:28:18-86
24        android:dataExtractionRules="@xml/data_extraction_rules"
24-->src\main\AndroidManifest.xml:7:9-65
25        android:debuggable="true"
26        android:extractNativeLibs="false"
27        android:fullBackupContent="@xml/backup_rules"
27-->src\main\AndroidManifest.xml:8:9-54
28        android:icon="@mipmap/ic_launcher"
28-->src\main\AndroidManifest.xml:9:9-43
29        android:label="@string/app_name"
29-->src\main\AndroidManifest.xml:10:9-41
30        android:roundIcon="@mipmap/ic_launcher_round"
30-->src\main\AndroidManifest.xml:11:9-54
31        android:supportsRtl="true"
31-->src\main\AndroidManifest.xml:12:9-35
32        android:testOnly="true"
33        android:theme="@style/Theme.DealSeeker_Login" >
33-->src\main\AndroidManifest.xml:13:9-54
34        <activity
34-->src\main\AndroidManifest.xml:15:9-24:20
35            android:name="com.example.dealseeker_login.loginActivity"
35-->src\main\AndroidManifest.xml:16:13-42
36            android:exported="true"
36-->src\main\AndroidManifest.xml:17:13-36
37            android:theme="@style/Theme.AppCompat" >
37-->src\main\AndroidManifest.xml:18:13-51
38            <intent-filter>
38-->src\main\AndroidManifest.xml:19:13-23:29
39                <action android:name="android.intent.action.MAIN" />
39-->src\main\AndroidManifest.xml:20:17-69
39-->src\main\AndroidManifest.xml:20:25-66
40
41                <category android:name="android.intent.category.LAUNCHER" />
41-->src\main\AndroidManifest.xml:22:17-77
41-->src\main\AndroidManifest.xml:22:27-74
42            </intent-filter>
43        </activity>
44        <activity
44-->src\main\AndroidManifest.xml:25:9-28:53
45            android:name="com.example.dealseeker_login.signupActivity"
45-->src\main\AndroidManifest.xml:26:13-43
46            android:exported="false"
46-->src\main\AndroidManifest.xml:27:13-37
47            android:theme="@style/Theme.AppCompat" />
47-->src\main\AndroidManifest.xml:28:13-51
48        <activity
48-->src\main\AndroidManifest.xml:29:9-32:20
49            android:name="com.example.dealseeker_login.MainActivity"
49-->src\main\AndroidManifest.xml:30:13-41
50            android:exported="false" >
50-->src\main\AndroidManifest.xml:31:13-37
51        </activity>
52
53        <service
53-->[com.google.firebase:firebase-database-ktx:20.3.1] AndroidManifest.xml:9:9-15:19
54            android:name="com.google.firebase.components.ComponentDiscoveryService"
54-->[com.google.firebase:firebase-database-ktx:20.3.1] AndroidManifest.xml:10:13-84
55            android:directBootAware="true"
55-->[com.google.firebase:firebase-common:20.4.2] AndroidManifest.xml:32:13-43
56            android:exported="false" >
56-->[com.google.firebase:firebase-database-ktx:20.3.1] AndroidManifest.xml:11:13-37
57            <meta-data
57-->[com.google.firebase:firebase-database-ktx:20.3.1] AndroidManifest.xml:12:13-14:85
58                android:name="com.google.firebase.components:com.google.firebase.database.ktx.FirebaseDatabaseLegacyRegistrar"
58-->[com.google.firebase:firebase-database-ktx:20.3.1] AndroidManifest.xml:13:17-127
59                android:value="com.google.firebase.components.ComponentRegistrar" />
59-->[com.google.firebase:firebase-database-ktx:20.3.1] AndroidManifest.xml:14:17-82
60            <meta-data
60-->[com.google.firebase:firebase-auth:22.3.1] AndroidManifest.xml:69:13-71:85
61                android:name="com.google.firebase.components:com.google.firebase.auth.FirebaseAuthRegistrar"
61-->[com.google.firebase:firebase-auth:22.3.1] AndroidManifest.xml:70:17-109
62                android:value="com.google.firebase.components.ComponentRegistrar" />
62-->[com.google.firebase:firebase-auth:22.3.1] AndroidManifest.xml:71:17-82
63            <meta-data
63-->[com.google.firebase:firebase-database:20.3.1] AndroidManifest.xml:29:13-31:85
64                android:name="com.google.firebase.components:com.google.firebase.database.FirebaseDatabaseKtxRegistrar"
64-->[com.google.firebase:firebase-database:20.3.1] AndroidManifest.xml:30:17-120
65                android:value="com.google.firebase.components.ComponentRegistrar" />
65-->[com.google.firebase:firebase-database:20.3.1] AndroidManifest.xml:31:17-82
66            <meta-data
66-->[com.google.firebase:firebase-database:20.3.1] AndroidManifest.xml:32:13-34:85
67                android:name="com.google.firebase.components:com.google.firebase.database.DatabaseRegistrar"
67-->[com.google.firebase:firebase-database:20.3.1] AndroidManifest.xml:33:17-109
68                android:value="com.google.firebase.components.ComponentRegistrar" />
68-->[com.google.firebase:firebase-database:20.3.1] AndroidManifest.xml:34:17-82
69            <meta-data
69-->[com.google.firebase:firebase-common-ktx:20.4.2] AndroidManifest.xml:12:13-14:85
70                android:name="com.google.firebase.components:com.google.firebase.ktx.FirebaseCommonLegacyRegistrar"
70-->[com.google.firebase:firebase-common-ktx:20.4.2] AndroidManifest.xml:13:17-116
71                android:value="com.google.firebase.components.ComponentRegistrar" />
71-->[com.google.firebase:firebase-common-ktx:20.4.2] AndroidManifest.xml:14:17-82
72            <meta-data
72-->[com.google.firebase:firebase-common:20.4.2] AndroidManifest.xml:35:13-37:85
73                android:name="com.google.firebase.components:com.google.firebase.FirebaseCommonKtxRegistrar"
73-->[com.google.firebase:firebase-common:20.4.2] AndroidManifest.xml:36:17-109
74                android:value="com.google.firebase.components.ComponentRegistrar" />
74-->[com.google.firebase:firebase-common:20.4.2] AndroidManifest.xml:37:17-82
75        </service>
76
77        <activity
77-->[com.google.firebase:firebase-auth:22.3.1] AndroidManifest.xml:29:9-46:20
78            android:name="com.google.firebase.auth.internal.GenericIdpActivity"
78-->[com.google.firebase:firebase-auth:22.3.1] AndroidManifest.xml:30:13-80
79            android:excludeFromRecents="true"
79-->[com.google.firebase:firebase-auth:22.3.1] AndroidManifest.xml:31:13-46
80            android:exported="true"
80-->[com.google.firebase:firebase-auth:22.3.1] AndroidManifest.xml:32:13-36
81            android:launchMode="singleTask"
81-->[com.google.firebase:firebase-auth:22.3.1] AndroidManifest.xml:33:13-44
82            android:theme="@android:style/Theme.Translucent.NoTitleBar" >
82-->[com.google.firebase:firebase-auth:22.3.1] AndroidManifest.xml:34:13-72
83            <intent-filter>
83-->[com.google.firebase:firebase-auth:22.3.1] AndroidManifest.xml:35:13-45:29
84                <action android:name="android.intent.action.VIEW" />
84-->[com.google.firebase:firebase-auth:22.3.1] AndroidManifest.xml:36:17-69
84-->[com.google.firebase:firebase-auth:22.3.1] AndroidManifest.xml:36:25-66
85
86                <category android:name="android.intent.category.DEFAULT" />
86-->[com.google.firebase:firebase-auth:22.3.1] AndroidManifest.xml:38:17-76
86-->[com.google.firebase:firebase-auth:22.3.1] AndroidManifest.xml:38:27-73
87                <category android:name="android.intent.category.BROWSABLE" />
87-->[com.google.firebase:firebase-auth:22.3.1] AndroidManifest.xml:39:17-78
87-->[com.google.firebase:firebase-auth:22.3.1] AndroidManifest.xml:39:27-75
88
89                <data
89-->[com.google.firebase:firebase-auth:22.3.1] AndroidManifest.xml:41:17-44:51
90                    android:host="firebase.auth"
90-->[com.google.firebase:firebase-auth:22.3.1] AndroidManifest.xml:42:21-49
91                    android:path="/"
91-->[com.google.firebase:firebase-auth:22.3.1] AndroidManifest.xml:43:21-37
92                    android:scheme="genericidp" />
92-->[com.google.firebase:firebase-auth:22.3.1] AndroidManifest.xml:44:21-48
93            </intent-filter>
94        </activity>
95        <activity
95-->[com.google.firebase:firebase-auth:22.3.1] AndroidManifest.xml:47:9-64:20
96            android:name="com.google.firebase.auth.internal.RecaptchaActivity"
96-->[com.google.firebase:firebase-auth:22.3.1] AndroidManifest.xml:48:13-79
97            android:excludeFromRecents="true"
97-->[com.google.firebase:firebase-auth:22.3.1] AndroidManifest.xml:49:13-46
98            android:exported="true"
98-->[com.google.firebase:firebase-auth:22.3.1] AndroidManifest.xml:50:13-36
99            android:launchMode="singleTask"
99-->[com.google.firebase:firebase-auth:22.3.1] AndroidManifest.xml:51:13-44
100            android:theme="@android:style/Theme.Translucent.NoTitleBar" >
100-->[com.google.firebase:firebase-auth:22.3.1] AndroidManifest.xml:52:13-72
101            <intent-filter>
101-->[com.google.firebase:firebase-auth:22.3.1] AndroidManifest.xml:53:13-63:29
102                <action android:name="android.intent.action.VIEW" />
102-->[com.google.firebase:firebase-auth:22.3.1] AndroidManifest.xml:36:17-69
102-->[com.google.firebase:firebase-auth:22.3.1] AndroidManifest.xml:36:25-66
103
104                <category android:name="android.intent.category.DEFAULT" />
104-->[com.google.firebase:firebase-auth:22.3.1] AndroidManifest.xml:38:17-76
104-->[com.google.firebase:firebase-auth:22.3.1] AndroidManifest.xml:38:27-73
105                <category android:name="android.intent.category.BROWSABLE" />
105-->[com.google.firebase:firebase-auth:22.3.1] AndroidManifest.xml:39:17-78
105-->[com.google.firebase:firebase-auth:22.3.1] AndroidManifest.xml:39:27-75
106
107                <data
107-->[com.google.firebase:firebase-auth:22.3.1] AndroidManifest.xml:41:17-44:51
108                    android:host="firebase.auth"
108-->[com.google.firebase:firebase-auth:22.3.1] AndroidManifest.xml:42:21-49
109                    android:path="/"
109-->[com.google.firebase:firebase-auth:22.3.1] AndroidManifest.xml:43:21-37
110                    android:scheme="recaptcha" />
110-->[com.google.firebase:firebase-auth:22.3.1] AndroidManifest.xml:44:21-48
111            </intent-filter>
112        </activity>
113        <activity
113-->[com.google.android.gms:play-services-base:18.1.0] AndroidManifest.xml:20:9-22:45
114            android:name="com.google.android.gms.common.api.GoogleApiActivity"
114-->[com.google.android.gms:play-services-base:18.1.0] AndroidManifest.xml:20:19-85
115            android:exported="false"
115-->[com.google.android.gms:play-services-base:18.1.0] AndroidManifest.xml:22:19-43
116            android:theme="@android:style/Theme.Translucent.NoTitleBar" />
116-->[com.google.android.gms:play-services-base:18.1.0] AndroidManifest.xml:21:19-78
117
118        <provider
118-->[com.google.firebase:firebase-common:20.4.2] AndroidManifest.xml:23:9-28:39
119            android:name="com.google.firebase.provider.FirebaseInitProvider"
119-->[com.google.firebase:firebase-common:20.4.2] AndroidManifest.xml:24:13-77
120            android:authorities="com.example.dealseeker_login.firebaseinitprovider"
120-->[com.google.firebase:firebase-common:20.4.2] AndroidManifest.xml:25:13-72
121            android:directBootAware="true"
121-->[com.google.firebase:firebase-common:20.4.2] AndroidManifest.xml:26:13-43
122            android:exported="false"
122-->[com.google.firebase:firebase-common:20.4.2] AndroidManifest.xml:27:13-37
123            android:initOrder="100" />
123-->[com.google.firebase:firebase-common:20.4.2] AndroidManifest.xml:28:13-36
124
125        <activity
125-->[androidx.compose.ui:ui-test-manifest:1.6.5] AndroidManifest.xml:23:9-25:39
126            android:name="androidx.activity.ComponentActivity"
126-->[androidx.compose.ui:ui-test-manifest:1.6.5] AndroidManifest.xml:24:13-63
127            android:exported="true" />
127-->[androidx.compose.ui:ui-test-manifest:1.6.5] AndroidManifest.xml:25:13-36
128        <activity
128-->[androidx.compose.ui:ui-tooling-android:1.6.5] AndroidManifest.xml:23:9-25:39
129            android:name="androidx.compose.ui.tooling.PreviewActivity"
129-->[androidx.compose.ui:ui-tooling-android:1.6.5] AndroidManifest.xml:24:13-71
130            android:exported="true" />
130-->[androidx.compose.ui:ui-tooling-android:1.6.5] AndroidManifest.xml:25:13-36
131
132        <provider
132-->[androidx.emoji2:emoji2:1.3.0] AndroidManifest.xml:24:9-32:20
133            android:name="androidx.startup.InitializationProvider"
133-->[androidx.emoji2:emoji2:1.3.0] AndroidManifest.xml:25:13-67
134            android:authorities="com.example.dealseeker_login.androidx-startup"
134-->[androidx.emoji2:emoji2:1.3.0] AndroidManifest.xml:26:13-68
135            android:exported="false" >
135-->[androidx.emoji2:emoji2:1.3.0] AndroidManifest.xml:27:13-37
136            <meta-data
136-->[androidx.emoji2:emoji2:1.3.0] AndroidManifest.xml:29:13-31:52
137                android:name="androidx.emoji2.text.EmojiCompatInitializer"
137-->[androidx.emoji2:emoji2:1.3.0] AndroidManifest.xml:30:17-75
138                android:value="androidx.startup" />
138-->[androidx.emoji2:emoji2:1.3.0] AndroidManifest.xml:31:17-49
139            <meta-data
139-->[androidx.lifecycle:lifecycle-process:2.7.0] AndroidManifest.xml:29:13-31:52
140                android:name="androidx.lifecycle.ProcessLifecycleInitializer"
140-->[androidx.lifecycle:lifecycle-process:2.7.0] AndroidManifest.xml:30:17-78
141                android:value="androidx.startup" />
141-->[androidx.lifecycle:lifecycle-process:2.7.0] AndroidManifest.xml:31:17-49
142            <meta-data
142-->[androidx.profileinstaller:profileinstaller:1.3.1] AndroidManifest.xml:29:13-31:52
143                android:name="androidx.profileinstaller.ProfileInstallerInitializer"
143-->[androidx.profileinstaller:profileinstaller:1.3.1] AndroidManifest.xml:30:17-85
144                android:value="androidx.startup" />
144-->[androidx.profileinstaller:profileinstaller:1.3.1] AndroidManifest.xml:31:17-49
145        </provider>
146
147        <meta-data
147-->[com.google.android.gms:play-services-basement:18.3.0] AndroidManifest.xml:21:9-23:69
148            android:name="com.google.android.gms.version"
148-->[com.google.android.gms:play-services-basement:18.3.0] AndroidManifest.xml:22:13-58
149            android:value="@integer/google_play_services_version" />
149-->[com.google.android.gms:play-services-basement:18.3.0] AndroidManifest.xml:23:13-66
150
151        <receiver
151-->[androidx.profileinstaller:profileinstaller:1.3.1] AndroidManifest.xml:34:9-52:20
152            android:name="androidx.profileinstaller.ProfileInstallReceiver"
152-->[androidx.profileinstaller:profileinstaller:1.3.1] AndroidManifest.xml:35:13-76
153            android:directBootAware="false"
153-->[androidx.profileinstaller:profileinstaller:1.3.1] AndroidManifest.xml:36:13-44
154            android:enabled="true"
154-->[androidx.profileinstaller:profileinstaller:1.3.1] AndroidManifest.xml:37:13-35
155            android:exported="true"
155-->[androidx.profileinstaller:profileinstaller:1.3.1] AndroidManifest.xml:38:13-36
156            android:permission="android.permission.DUMP" >
156-->[androidx.profileinstaller:profileinstaller:1.3.1] AndroidManifest.xml:39:13-57
157            <intent-filter>
157-->[androidx.profileinstaller:profileinstaller:1.3.1] AndroidManifest.xml:40:13-42:29
158                <action android:name="androidx.profileinstaller.action.INSTALL_PROFILE" />
158-->[androidx.profileinstaller:profileinstaller:1.3.1] AndroidManifest.xml:41:17-91
158-->[androidx.profileinstaller:profileinstaller:1.3.1] AndroidManifest.xml:41:25-88
159            </intent-filter>
160            <intent-filter>
160-->[androidx.profileinstaller:profileinstaller:1.3.1] AndroidManifest.xml:43:13-45:29
161                <action android:name="androidx.profileinstaller.action.SKIP_FILE" />
161-->[androidx.profileinstaller:profileinstaller:1.3.1] AndroidManifest.xml:44:17-85
161-->[androidx.profileinstaller:profileinstaller:1.3.1] AndroidManifest.xml:44:25-82
162            </intent-filter>
163            <intent-filter>
163-->[androidx.profileinstaller:profileinstaller:1.3.1] AndroidManifest.xml:46:13-48:29
164                <action android:name="androidx.profileinstaller.action.SAVE_PROFILE" />
164-->[androidx.profileinstaller:profileinstaller:1.3.1] AndroidManifest.xml:47:17-88
164-->[androidx.profileinstaller:profileinstaller:1.3.1] AndroidManifest.xml:47:25-85
165            </intent-filter>
166            <intent-filter>
166-->[androidx.profileinstaller:profileinstaller:1.3.1] AndroidManifest.xml:49:13-51:29
167                <action android:name="androidx.profileinstaller.action.BENCHMARK_OPERATION" />
167-->[androidx.profileinstaller:profileinstaller:1.3.1] AndroidManifest.xml:50:17-95
167-->[androidx.profileinstaller:profileinstaller:1.3.1] AndroidManifest.xml:50:25-92
168            </intent-filter>
169        </receiver>
170    </application>
171
172</manifest>